{"C:\\Users\\Oana\\Desktop\\TSS\\UnitTest-JavaScript\\backend\\routes\\library.js": {"path":"C:\\Users\\Oana\\Desktop\\TSS\\UnitTest-JavaScript\\backend\\routes\\library.js","statementMap":{"0":{"start":{"line":5,"column":15},"end":{"line":5,"column":31}},"1":{"start":{"line":43,"column":0},"end":{"line":51,"column":3}},"2":{"start":{"line":44,"column":33},"end":{"line":44,"column":43}},"3":{"start":{"line":45,"column":4},"end":{"line":50,"column":5}},"4":{"start":{"line":46,"column":23},"end":{"line":46,"column":56}},"5":{"start":{"line":47,"column":8},"end":{"line":47,"column":52}},"6":{"start":{"line":49,"column":8},"end":{"line":49,"column":75}}},"fnMap":{"0":{"name":"(anonymous_0)","decl":{"start":{"line":43,"column":33},"end":{"line":43,"column":34}},"loc":{"start":{"line":43,"column":47},"end":{"line":51,"column":1}},"line":43}},"branchMap":{"0":{"loc":{"start":{"line":49,"column":19},"end":{"line":49,"column":36}},"type":"binary-expr","locations":[{"start":{"line":49,"column":19},"end":{"line":49,"column":29}},{"start":{"line":49,"column":33},"end":{"line":49,"column":36}}],"line":49},"1":{"loc":{"start":{"line":49,"column":43},"end":{"line":49,"column":73}},"type":"binary-expr","locations":[{"start":{"line":49,"column":43},"end":{"line":49,"column":54}},{"start":{"line":49,"column":58},"end":{"line":49,"column":73}}],"line":49}},"s":{"0":3,"1":3,"2":75,"3":75,"4":75,"5":19,"6":56},"f":{"0":75},"b":{"0":[56,5],"1":[56,0]},"_coverageSchema":"1a1c01bbd47fc00a2c39e90264f33305004495a9","hash":"24d15edecad2587f0f954dea11670dc05732b14a"}
,"C:\\Users\\Oana\\Desktop\\TSS\\UnitTest-JavaScript\\backend\\routes\\libraryService.js": {"path":"C:\\Users\\Oana\\Desktop\\TSS\\UnitTest-JavaScript\\backend\\routes\\libraryService.js","statementMap":{"0":{"start":{"line":3,"column":14},"end":{"line":3,"column":71}},"1":{"start":{"line":5,"column":4},"end":{"line":7,"column":5}},"2":{"start":{"line":6,"column":8},"end":{"line":6,"column":79}},"3":{"start":{"line":9,"column":17},"end":{"line":9,"column":52}},"4":{"start":{"line":11,"column":4},"end":{"line":20,"column":5}},"5":{"start":{"line":12,"column":8},"end":{"line":12,"column":43}},"6":{"start":{"line":14,"column":27},"end":{"line":14,"column":93}},"7":{"start":{"line":15,"column":8},"end":{"line":19,"column":9}},"8":{"start":{"line":16,"column":12},"end":{"line":16,"column":79}},"9":{"start":{"line":18,"column":12},"end":{"line":18,"column":71}}},"fnMap":{"0":{"name":"getUserBook","decl":{"start":{"line":2,"column":16},"end":{"line":2,"column":27}},"loc":{"start":{"line":2,"column":50},"end":{"line":21,"column":1}},"line":2}},"branchMap":{"0":{"loc":{"start":{"line":5,"column":4},"end":{"line":7,"column":5}},"type":"if","locations":[{"start":{"line":5,"column":4},"end":{"line":7,"column":5}},{"start":{},"end":{}}],"line":5},"1":{"loc":{"start":{"line":5,"column":8},"end":{"line":5,"column":78}},"type":"binary-expr","locations":[{"start":{"line":5,"column":8},"end":{"line":5,"column":23}},{"start":{"line":5,"column":27},"end":{"line":5,"column":42}},{"start":{"line":5,"column":46},"end":{"line":5,"column":60}},{"start":{"line":5,"column":64},"end":{"line":5,"column":78}}],"line":5},"2":{"loc":{"start":{"line":11,"column":4},"end":{"line":20,"column":5}},"type":"if","locations":[{"start":{"line":11,"column":4},"end":{"line":20,"column":5}},{"start":{"line":13,"column":11},"end":{"line":20,"column":5}}],"line":11},"3":{"loc":{"start":{"line":15,"column":8},"end":{"line":19,"column":9}},"type":"if","locations":[{"start":{"line":15,"column":8},"end":{"line":19,"column":9}},{"start":{"line":17,"column":15},"end":{"line":19,"column":9}}],"line":15}},"s":{"0":79,"1":79,"2":30,"3":49,"4":44,"5":20,"6":24,"7":24,"8":14,"9":10},"f":{"0":79},"b":{"0":[30,49],"1":[79,71,66,55],"2":[20,24],"3":[14,10]},"_coverageSchema":"1a1c01bbd47fc00a2c39e90264f33305004495a9","hash":"9040375c19b8cca3e2de4d3d58ef5354de4302d1"}
,"C:\\Users\\Oana\\Desktop\\TSS\\UnitTest-JavaScript\\backend\\routes\\reviews.js": {"path":"C:\\Users\\Oana\\Desktop\\TSS\\UnitTest-JavaScript\\backend\\routes\\reviews.js","statementMap":{"0":{"start":{"line":6,"column":15},"end":{"line":6,"column":31}},"1":{"start":{"line":31,"column":0},"end":{"line":62,"column":3}},"2":{"start":{"line":32,"column":32},"end":{"line":32,"column":40}},"3":{"start":{"line":33,"column":20},"end":{"line":33,"column":31}},"4":{"start":{"line":35,"column":4},"end":{"line":37,"column":5}},"5":{"start":{"line":36,"column":8},"end":{"line":36,"column":64}},"6":{"start":{"line":39,"column":4},"end":{"line":41,"column":5}},"7":{"start":{"line":40,"column":8},"end":{"line":40,"column":80}},"8":{"start":{"line":43,"column":32},"end":{"line":45,"column":5}},"9":{"start":{"line":46,"column":24},"end":{"line":48,"column":5}},"10":{"start":{"line":50,"column":4},"end":{"line":61,"column":5}},"11":{"start":{"line":51,"column":31},"end":{"line":51,"column":84}},"12":{"start":{"line":52,"column":8},"end":{"line":54,"column":9}},"13":{"start":{"line":53,"column":12},"end":{"line":53,"column":90}},"14":{"start":{"line":56,"column":8},"end":{"line":56,"column":62}},"15":{"start":{"line":57,"column":8},"end":{"line":57,"column":66}},"16":{"start":{"line":59,"column":8},"end":{"line":59,"column":62}},"17":{"start":{"line":60,"column":8},"end":{"line":60,"column":60}}},"fnMap":{"0":{"name":"(anonymous_0)","decl":{"start":{"line":31,"column":30},"end":{"line":31,"column":31}},"loc":{"start":{"line":31,"column":44},"end":{"line":62,"column":1}},"line":31}},"branchMap":{"0":{"loc":{"start":{"line":35,"column":4},"end":{"line":37,"column":5}},"type":"if","locations":[{"start":{"line":35,"column":4},"end":{"line":37,"column":5}},{"start":{},"end":{}}],"line":35},"1":{"loc":{"start":{"line":35,"column":8},"end":{"line":35,"column":27}},"type":"binary-expr","locations":[{"start":{"line":35,"column":8},"end":{"line":35,"column":16}},{"start":{"line":35,"column":20},"end":{"line":35,"column":27}}],"line":35},"2":{"loc":{"start":{"line":39,"column":4},"end":{"line":41,"column":5}},"type":"if","locations":[{"start":{"line":39,"column":4},"end":{"line":41,"column":5}},{"start":{},"end":{}}],"line":39},"3":{"loc":{"start":{"line":39,"column":8},"end":{"line":39,"column":49}},"type":"binary-expr","locations":[{"start":{"line":39,"column":8},"end":{"line":39,"column":21}},{"start":{"line":39,"column":25},"end":{"line":39,"column":35}},{"start":{"line":39,"column":39},"end":{"line":39,"column":49}}],"line":39},"4":{"loc":{"start":{"line":52,"column":8},"end":{"line":54,"column":9}},"type":"if","locations":[{"start":{"line":52,"column":8},"end":{"line":54,"column":9}},{"start":{},"end":{}}],"line":52}},"s":{"0":2,"1":2,"2":18,"3":18,"4":18,"5":7,"6":11,"7":5,"8":6,"9":6,"10":6,"11":6,"12":5,"13":2,"14":3,"15":3,"16":1,"17":1},"f":{"0":18},"b":{"0":[7,11],"1":[18,13],"2":[5,6],"3":[11,10,8],"4":[2,3]},"_coverageSchema":"1a1c01bbd47fc00a2c39e90264f33305004495a9","hash":"1a095a5846c2d8b41cc0b307b8a95a5144a3868f"}
}
