{"C:\\Users\\Oana\\Desktop\\TSS\\UnitTest-JavaScript\\backend\\.config.js": {"path":"C:\\Users\\Oana\\Desktop\\TSS\\UnitTest-JavaScript\\backend\\.config.js","statementMap":{"0":{"start":{"line":4,"column":0},"end":{"line":8,"column":1}},"1":{"start":{"line":5,"column":4},"end":{"line":5,"column":20}},"2":{"start":{"line":7,"column":4},"end":{"line":7,"column":46}},"3":{"start":{"line":11,"column":15},"end":{"line":11,"column":34}},"4":{"start":{"line":12,"column":11},"end":{"line":12,"column":31}}},"fnMap":{},"branchMap":{"0":{"loc":{"start":{"line":4,"column":0},"end":{"line":8,"column":1}},"type":"if","locations":[{"start":{"line":4,"column":0},"end":{"line":8,"column":1}},{"start":{"line":6,"column":7},"end":{"line":8,"column":1}}],"line":4}},"s":{"0":1,"1":1,"2":0,"3":1,"4":1},"f":{},"b":{"0":[1,0]},"_coverageSchema":"1a1c01bbd47fc00a2c39e90264f33305004495a9","hash":"70e7c9656498ddfd9de92ecd6692e813a3f6fe8d"}
,"C:\\Users\\Oana\\Desktop\\TSS\\UnitTest-JavaScript\\backend\\routes\\authentification.js": {"path":"C:\\Users\\Oana\\Desktop\\TSS\\UnitTest-JavaScript\\backend\\routes\\authentification.js","statementMap":{"0":{"start":{"line":6,"column":15},"end":{"line":6,"column":31}},"1":{"start":{"line":10,"column":21},"end":{"line":10,"column":49}},"2":{"start":{"line":11,"column":16},"end":{"line":11,"column":54}},"3":{"start":{"line":17,"column":2},"end":{"line":23,"column":5}},"4":{"start":{"line":21,"column":4},"end":{"line":21,"column":20}},"5":{"start":{"line":22,"column":4},"end":{"line":22,"column":11}}},"fnMap":{"0":{"name":"verifyToken","decl":{"start":{"line":9,"column":16},"end":{"line":9,"column":27}},"loc":{"start":{"line":9,"column":44},"end":{"line":24,"column":1}},"line":9},"1":{"name":"(anonymous_1)","decl":{"start":{"line":17,"column":53},"end":{"line":17,"column":54}},"loc":{"start":{"line":17,"column":68},"end":{"line":23,"column":3}},"line":17}},"branchMap":{"0":{"loc":{"start":{"line":11,"column":16},"end":{"line":11,"column":54}},"type":"binary-expr","locations":[{"start":{"line":11,"column":16},"end":{"line":11,"column":26}},{"start":{"line":11,"column":30},"end":{"line":11,"column":54}}],"line":11}},"s":{"0":1,"1":9,"2":9,"3":9,"4":9,"5":9},"f":{"0":9,"1":9},"b":{"0":[9,9]},"_coverageSchema":"1a1c01bbd47fc00a2c39e90264f33305004495a9","hash":"bdbc993f4b5fb4cbb26f234de9c6c2a8e7f2afc7"}
,"C:\\Users\\Oana\\Desktop\\TSS\\UnitTest-JavaScript\\backend\\routes\\comments.js": {"path":"C:\\Users\\Oana\\Desktop\\TSS\\UnitTest-JavaScript\\backend\\routes\\comments.js","statementMap":{"0":{"start":{"line":5,"column":15},"end":{"line":5,"column":31}},"1":{"start":{"line":31,"column":0},"end":{"line":59,"column":3}},"2":{"start":{"line":32,"column":33},"end":{"line":32,"column":41}},"3":{"start":{"line":33,"column":20},"end":{"line":33,"column":31}},"4":{"start":{"line":35,"column":4},"end":{"line":37,"column":5}},"5":{"start":{"line":36,"column":8},"end":{"line":36,"column":64}},"6":{"start":{"line":39,"column":4},"end":{"line":41,"column":5}},"7":{"start":{"line":40,"column":8},"end":{"line":40,"column":56}},"8":{"start":{"line":43,"column":4},"end":{"line":45,"column":5}},"9":{"start":{"line":44,"column":8},"end":{"line":44,"column":61}},"10":{"start":{"line":47,"column":4},"end":{"line":49,"column":5}},"11":{"start":{"line":48,"column":8},"end":{"line":48,"column":60}},"12":{"start":{"line":51,"column":14},"end":{"line":51,"column":81}},"13":{"start":{"line":52,"column":4},"end":{"line":58,"column":5}},"14":{"start":{"line":53,"column":8},"end":{"line":53,"column":53}},"15":{"start":{"line":54,"column":8},"end":{"line":54,"column":67}},"16":{"start":{"line":56,"column":8},"end":{"line":56,"column":63}},"17":{"start":{"line":57,"column":8},"end":{"line":57,"column":61}}},"fnMap":{"0":{"name":"(anonymous_0)","decl":{"start":{"line":31,"column":30},"end":{"line":31,"column":31}},"loc":{"start":{"line":31,"column":44},"end":{"line":59,"column":1}},"line":31}},"branchMap":{"0":{"loc":{"start":{"line":35,"column":4},"end":{"line":37,"column":5}},"type":"if","locations":[{"start":{"line":35,"column":4},"end":{"line":37,"column":5}},{"start":{},"end":{}}],"line":35},"1":{"loc":{"start":{"line":35,"column":8},"end":{"line":35,"column":28}},"type":"binary-expr","locations":[{"start":{"line":35,"column":8},"end":{"line":35,"column":16}},{"start":{"line":35,"column":20},"end":{"line":35,"column":28}}],"line":35},"2":{"loc":{"start":{"line":39,"column":4},"end":{"line":41,"column":5}},"type":"if","locations":[{"start":{"line":39,"column":4},"end":{"line":41,"column":5}},{"start":{},"end":{}}],"line":39},"3":{"loc":{"start":{"line":39,"column":8},"end":{"line":39,"column":51}},"type":"binary-expr","locations":[{"start":{"line":39,"column":8},"end":{"line":39,"column":35}},{"start":{"line":39,"column":39},"end":{"line":39,"column":51}}],"line":39},"4":{"loc":{"start":{"line":43,"column":4},"end":{"line":45,"column":5}},"type":"if","locations":[{"start":{"line":43,"column":4},"end":{"line":45,"column":5}},{"start":{},"end":{}}],"line":43},"5":{"loc":{"start":{"line":47,"column":4},"end":{"line":49,"column":5}},"type":"if","locations":[{"start":{"line":47,"column":4},"end":{"line":49,"column":5}},{"start":{},"end":{}}],"line":47}},"s":{"0":2,"1":2,"2":16,"3":16,"4":16,"5":5,"6":11,"7":4,"8":7,"9":2,"10":5,"11":2,"12":3,"13":3,"14":3,"15":2,"16":1,"17":1},"f":{"0":16},"b":{"0":[5,11],"1":[16,13],"2":[4,7],"3":[11,9],"4":[2,5],"5":[2,3]},"_coverageSchema":"1a1c01bbd47fc00a2c39e90264f33305004495a9","hash":"a9e7ba977d5fa473d7922ce645c91c45c99de1cb"}
,"C:\\Users\\Oana\\Desktop\\TSS\\UnitTest-JavaScript\\backend\\routes\\library.js": {"path":"C:\\Users\\Oana\\Desktop\\TSS\\UnitTest-JavaScript\\backend\\routes\\library.js","statementMap":{"0":{"start":{"line":5,"column":15},"end":{"line":5,"column":31}},"1":{"start":{"line":42,"column":0},"end":{"line":68,"column":3}},"2":{"start":{"line":43,"column":33},"end":{"line":43,"column":43}},"3":{"start":{"line":44,"column":14},"end":{"line":44,"column":71}},"4":{"start":{"line":46,"column":4},"end":{"line":67,"column":5}},"5":{"start":{"line":47,"column":8},"end":{"line":50,"column":9}},"6":{"start":{"line":48,"column":12},"end":{"line":48,"column":66}},"7":{"start":{"line":49,"column":12},"end":{"line":49,"column":80}},"8":{"start":{"line":51,"column":21},"end":{"line":51,"column":56}},"9":{"start":{"line":53,"column":8},"end":{"line":63,"column":9}},"10":{"start":{"line":54,"column":12},"end":{"line":54,"column":46}},"11":{"start":{"line":56,"column":31},"end":{"line":56,"column":97}},"12":{"start":{"line":57,"column":12},"end":{"line":62,"column":13}},"13":{"start":{"line":58,"column":16},"end":{"line":58,"column":80}},"14":{"start":{"line":61,"column":16},"end":{"line":61,"column":72}},"15":{"start":{"line":65,"column":8},"end":{"line":65,"column":78}},"16":{"start":{"line":66,"column":8},"end":{"line":66,"column":75}}},"fnMap":{"0":{"name":"(anonymous_0)","decl":{"start":{"line":42,"column":33},"end":{"line":42,"column":34}},"loc":{"start":{"line":42,"column":47},"end":{"line":68,"column":1}},"line":42}},"branchMap":{"0":{"loc":{"start":{"line":47,"column":8},"end":{"line":50,"column":9}},"type":"if","locations":[{"start":{"line":47,"column":8},"end":{"line":50,"column":9}},{"start":{},"end":{}}],"line":47},"1":{"loc":{"start":{"line":47,"column":11},"end":{"line":47,"column":81}},"type":"binary-expr","locations":[{"start":{"line":47,"column":11},"end":{"line":47,"column":26}},{"start":{"line":47,"column":30},"end":{"line":47,"column":45}},{"start":{"line":47,"column":49},"end":{"line":47,"column":63}},{"start":{"line":47,"column":67},"end":{"line":47,"column":81}}],"line":47},"2":{"loc":{"start":{"line":53,"column":8},"end":{"line":63,"column":9}},"type":"if","locations":[{"start":{"line":53,"column":8},"end":{"line":63,"column":9}},{"start":{"line":55,"column":15},"end":{"line":63,"column":9}}],"line":53},"3":{"loc":{"start":{"line":57,"column":12},"end":{"line":62,"column":13}},"type":"if","locations":[{"start":{"line":57,"column":12},"end":{"line":62,"column":13}},{"start":{"line":60,"column":16},"end":{"line":62,"column":13}}],"line":57}},"s":{"0":2,"1":2,"2":70,"3":70,"4":70,"5":70,"6":28,"7":28,"8":42,"9":38,"10":18,"11":20,"12":20,"13":12,"14":8,"15":4,"16":4},"f":{"0":70},"b":{"0":[28,42],"1":[70,64,59,48],"2":[18,20],"3":[12,8]},"_coverageSchema":"1a1c01bbd47fc00a2c39e90264f33305004495a9","hash":"6ba56011428d94f9904ef0da71247f86eb90b95e"}
,"C:\\Users\\Oana\\Desktop\\TSS\\UnitTest-JavaScript\\backend\\routes\\reviews.js": {"path":"C:\\Users\\Oana\\Desktop\\TSS\\UnitTest-JavaScript\\backend\\routes\\reviews.js","statementMap":{"0":{"start":{"line":6,"column":15},"end":{"line":6,"column":31}},"1":{"start":{"line":31,"column":0},"end":{"line":62,"column":3}},"2":{"start":{"line":32,"column":32},"end":{"line":32,"column":40}},"3":{"start":{"line":33,"column":20},"end":{"line":33,"column":31}},"4":{"start":{"line":35,"column":4},"end":{"line":37,"column":5}},"5":{"start":{"line":36,"column":8},"end":{"line":36,"column":64}},"6":{"start":{"line":39,"column":4},"end":{"line":41,"column":5}},"7":{"start":{"line":40,"column":8},"end":{"line":40,"column":80}},"8":{"start":{"line":43,"column":32},"end":{"line":45,"column":5}},"9":{"start":{"line":46,"column":24},"end":{"line":48,"column":5}},"10":{"start":{"line":50,"column":4},"end":{"line":61,"column":5}},"11":{"start":{"line":51,"column":31},"end":{"line":51,"column":84}},"12":{"start":{"line":52,"column":8},"end":{"line":54,"column":9}},"13":{"start":{"line":53,"column":12},"end":{"line":53,"column":90}},"14":{"start":{"line":56,"column":8},"end":{"line":56,"column":62}},"15":{"start":{"line":57,"column":8},"end":{"line":57,"column":66}},"16":{"start":{"line":59,"column":8},"end":{"line":59,"column":62}},"17":{"start":{"line":60,"column":8},"end":{"line":60,"column":60}}},"fnMap":{"0":{"name":"(anonymous_0)","decl":{"start":{"line":31,"column":30},"end":{"line":31,"column":31}},"loc":{"start":{"line":31,"column":44},"end":{"line":62,"column":1}},"line":31}},"branchMap":{"0":{"loc":{"start":{"line":35,"column":4},"end":{"line":37,"column":5}},"type":"if","locations":[{"start":{"line":35,"column":4},"end":{"line":37,"column":5}},{"start":{},"end":{}}],"line":35},"1":{"loc":{"start":{"line":35,"column":8},"end":{"line":35,"column":27}},"type":"binary-expr","locations":[{"start":{"line":35,"column":8},"end":{"line":35,"column":16}},{"start":{"line":35,"column":20},"end":{"line":35,"column":27}}],"line":35},"2":{"loc":{"start":{"line":39,"column":4},"end":{"line":41,"column":5}},"type":"if","locations":[{"start":{"line":39,"column":4},"end":{"line":41,"column":5}},{"start":{},"end":{}}],"line":39},"3":{"loc":{"start":{"line":39,"column":8},"end":{"line":39,"column":49}},"type":"binary-expr","locations":[{"start":{"line":39,"column":8},"end":{"line":39,"column":21}},{"start":{"line":39,"column":25},"end":{"line":39,"column":35}},{"start":{"line":39,"column":39},"end":{"line":39,"column":49}}],"line":39},"4":{"loc":{"start":{"line":52,"column":8},"end":{"line":54,"column":9}},"type":"if","locations":[{"start":{"line":52,"column":8},"end":{"line":54,"column":9}},{"start":{},"end":{}}],"line":52}},"s":{"0":2,"1":2,"2":18,"3":18,"4":18,"5":7,"6":11,"7":5,"8":6,"9":6,"10":6,"11":6,"12":5,"13":2,"14":3,"15":3,"16":1,"17":1},"f":{"0":18},"b":{"0":[7,11],"1":[18,13],"2":[5,6],"3":[11,10,8],"4":[2,3]},"_coverageSchema":"1a1c01bbd47fc00a2c39e90264f33305004495a9","hash":"1a095a5846c2d8b41cc0b307b8a95a5144a3868f"}
}
