TN:
SF:.config.js
FNF:0
FNH:0
DA:4,1
DA:5,1
DA:7,0
DA:11,1
DA:12,1
LF:5
LH:4
BRDA:4,0,0,1
BRDA:4,0,1,0
BRF:2
BRH:1
end_of_record
TN:
SF:routes\authentification.js
FN:9,verifyToken
FN:17,(anonymous_1)
FNF:2
FNH:2
FNDA:9,verifyToken
FNDA:9,(anonymous_1)
DA:6,1
DA:10,9
DA:11,9
DA:17,9
DA:21,9
DA:22,9
LF:6
LH:6
BRDA:11,0,0,9
BRDA:11,0,1,9
BRF:2
BRH:2
end_of_record
TN:
SF:routes\comments.js
FN:31,(anonymous_0)
FNF:1
FNH:1
FNDA:16,(anonymous_0)
DA:5,2
DA:31,2
DA:32,16
DA:33,16
DA:35,16
DA:36,5
DA:39,11
DA:40,4
DA:43,7
DA:44,2
DA:47,5
DA:48,2
DA:51,3
DA:52,3
DA:53,3
DA:54,2
DA:56,1
DA:57,1
LF:18
LH:18
BRDA:35,0,0,5
BRDA:35,0,1,11
BRDA:35,1,0,16
BRDA:35,1,1,13
BRDA:39,2,0,4
BRDA:39,2,1,7
BRDA:39,3,0,11
BRDA:39,3,1,9
BRDA:43,4,0,2
BRDA:43,4,1,5
BRDA:47,5,0,2
BRDA:47,5,1,3
BRF:12
BRH:12
end_of_record
TN:
SF:routes\library.js
FN:42,(anonymous_0)
FNF:1
FNH:1
FNDA:70,(anonymous_0)
DA:5,2
DA:42,2
DA:43,70
DA:44,70
DA:46,70
DA:47,70
DA:48,28
DA:49,28
DA:51,42
DA:53,38
DA:54,18
DA:56,20
DA:57,20
DA:58,12
DA:61,8
DA:65,4
DA:66,4
LF:17
LH:17
BRDA:47,0,0,28
BRDA:47,0,1,42
BRDA:47,1,0,70
BRDA:47,1,1,64
BRDA:47,1,2,59
BRDA:47,1,3,48
BRDA:53,2,0,18
BRDA:53,2,1,20
BRDA:57,3,0,12
BRDA:57,3,1,8
BRF:10
BRH:10
end_of_record
TN:
SF:routes\reviews.js
FN:31,(anonymous_0)
FNF:1
FNH:1
FNDA:18,(anonymous_0)
DA:6,2
DA:31,2
DA:32,18
DA:33,18
DA:35,18
DA:36,7
DA:39,11
DA:40,5
DA:43,6
DA:46,6
DA:50,6
DA:51,6
DA:52,5
DA:53,2
DA:56,3
DA:57,3
DA:59,1
DA:60,1
LF:18
LH:18
BRDA:35,0,0,7
BRDA:35,0,1,11
BRDA:35,1,0,18
BRDA:35,1,1,13
BRDA:39,2,0,5
BRDA:39,2,1,6
BRDA:39,3,0,11
BRDA:39,3,1,10
BRDA:39,3,2,8
BRDA:52,4,0,2
BRDA:52,4,1,3
BRF:11
BRH:11
end_of_record
