TN:
SF:routes\authentification.js
FN:9,verifyToken
FN:17,(anonymous_1)
FN:26,generateAccessToken
FN:30,generateRefreshToken
FN:50,(anonymous_4)
FN:78,(anonymous_5)
FN:110,(anonymous_6)
FN:117,(anonymous_7)
FN:132,(anonymous_8)
FN:139,(anonymous_9)
FN:154,(anonymous_10)
FN:169,(anonymous_11)
FN:183,(anonymous_12)
FN:197,(anonymous_13)
FNF:14
FNH:0
FNDA:0,verifyToken
FNDA:0,(anonymous_1)
FNDA:0,generateAccessToken
FNDA:0,generateRefreshToken
FNDA:0,(anonymous_4)
FNDA:0,(anonymous_5)
FNDA:0,(anonymous_6)
FNDA:0,(anonymous_7)
FNDA:0,(anonymous_8)
FNDA:0,(anonymous_9)
FNDA:0,(anonymous_10)
FNDA:0,(anonymous_11)
FNDA:0,(anonymous_12)
FNDA:0,(anonymous_13)
DA:6,1
DA:10,0
DA:11,0
DA:13,0
DA:14,0
DA:17,0
DA:18,0
DA:19,0
DA:21,0
DA:22,0
DA:27,0
DA:31,0
DA:33,0
DA:34,0
DA:35,0
DA:36,0
DA:39,0
DA:40,0
DA:41,0
DA:42,0
DA:44,0
DA:45,0
DA:50,1
DA:51,0
DA:53,0
DA:54,0
DA:55,0
DA:57,0
DA:58,0
DA:61,0
DA:62,0
DA:64,0
DA:65,0
DA:67,0
DA:68,0
DA:69,0
DA:71,0
DA:73,0
DA:74,0
DA:78,1
DA:79,0
DA:80,0
DA:81,0
DA:82,0
DA:84,0
DA:85,0
DA:88,0
DA:89,0
DA:90,0
DA:93,0
DA:94,0
DA:96,0
DA:105,0
DA:106,0
DA:110,1
DA:111,0
DA:113,0
DA:114,0
DA:115,0
DA:117,0
DA:118,0
DA:119,0
DA:122,0
DA:123,0
DA:125,0
DA:127,0
DA:128,0
DA:132,1
DA:133,0
DA:135,0
DA:136,0
DA:137,0
DA:139,0
DA:140,0
DA:141,0
DA:144,0
DA:145,0
DA:147,0
DA:149,0
DA:150,0
DA:154,1
DA:155,0
DA:157,0
DA:158,0
DA:161,0
DA:162,0
DA:163,0
DA:165,0
DA:166,0
DA:169,0
DA:170,0
DA:171,0
DA:174,0
DA:175,0
DA:178,0
DA:179,0
DA:183,1
DA:184,0
DA:186,0
DA:187,0
DA:188,0
DA:190,0
DA:192,0
DA:193,0
DA:197,1
DA:198,0
LF:106
LH:8
BRDA:11,0,0,0
BRDA:11,0,1,0
BRDA:13,1,0,0
BRDA:13,1,1,0
BRDA:18,2,0,0
BRDA:18,2,1,0
BRDA:34,3,0,0
BRDA:34,3,1,0
BRDA:57,4,0,0
BRDA:57,4,1,0
BRDA:84,5,0,0
BRDA:84,5,1,0
BRDA:89,6,0,0
BRDA:89,6,1,0
BRDA:118,7,0,0
BRDA:118,7,1,0
BRDA:140,8,0,0
BRDA:140,8,1,0
BRDA:157,9,0,0
BRDA:157,9,1,0
BRDA:165,10,0,0
BRDA:165,10,1,0
BRDA:170,11,0,0
BRDA:170,11,1,0
BRF:24
BRH:0
end_of_record
TN:
SF:routes\comments.js
FN:8,(anonymous_0)
FN:31,(anonymous_1)
FN:50,(anonymous_2)
FN:78,(anonymous_3)
FNF:4
FNH:2
FNDA:3,(anonymous_0)
FNDA:3,(anonymous_1)
FNDA:0,(anonymous_2)
FNDA:0,(anonymous_3)
DA:5,2
DA:8,2
DA:9,3
DA:10,3
DA:16,3
DA:17,3
DA:19,2
DA:20,1
DA:22,1
DA:25,1
DA:26,1
DA:31,2
DA:32,3
DA:33,3
DA:35,3
DA:36,2
DA:39,1
DA:40,1
DA:41,1
DA:42,1
DA:44,0
DA:45,0
DA:50,2
DA:51,0
DA:52,0
DA:54,0
DA:55,0
DA:58,0
DA:63,0
DA:64,0
DA:66,0
DA:67,0
DA:69,0
DA:72,0
DA:73,0
DA:78,2
DA:79,0
DA:81,0
DA:85,0
DA:86,0
DA:88,0
DA:89,0
DA:91,0
DA:94,0
DA:95,0
LF:45
LH:22
BRDA:19,0,0,1
BRDA:19,0,1,1
BRDA:35,1,0,2
BRDA:35,1,1,1
BRDA:35,2,0,3
BRDA:35,2,1,2
BRDA:54,3,0,0
BRDA:54,3,1,0
BRDA:54,4,0,0
BRDA:54,4,1,0
BRDA:66,5,0,0
BRDA:66,5,1,0
BRDA:88,6,0,0
BRDA:88,6,1,0
BRF:14
BRH:6
end_of_record
TN:
SF:routes\library.js
FN:42,(anonymous_0)
FNF:1
FNH:1
FNDA:32,(anonymous_0)
DA:5,2
DA:42,2
DA:43,32
DA:44,32
DA:46,32
DA:47,32
DA:48,13
DA:49,13
DA:51,19
DA:53,17
DA:54,11
DA:56,6
DA:57,6
DA:58,3
DA:61,3
DA:65,2
DA:66,2
LF:17
LH:17
BRDA:47,0,0,13
BRDA:47,0,1,19
BRDA:47,1,0,32
BRDA:47,1,1,29
BRDA:47,1,2,27
BRDA:47,1,3,22
BRDA:53,2,0,11
BRDA:53,2,1,6
BRDA:57,3,0,3
BRDA:57,3,1,3
BRF:10
BRH:10
end_of_record
TN:
SF:routes\reviews.js
FN:9,(anonymous_0)
FN:31,(anonymous_1)
FN:64,(anonymous_2)
FN:88,(anonymous_3)
FNF:4
FNH:1
FNDA:0,(anonymous_0)
FNDA:8,(anonymous_1)
FNDA:0,(anonymous_2)
FNDA:0,(anonymous_3)
DA:6,1
DA:9,1
DA:10,0
DA:11,0
DA:17,0
DA:18,0
DA:20,0
DA:21,0
DA:23,0
DA:26,0
DA:27,0
DA:31,1
DA:32,8
DA:33,8
DA:35,8
DA:36,4
DA:39,4
DA:40,2
DA:43,2
DA:46,2
DA:50,2
DA:51,2
DA:52,2
DA:53,1
DA:56,1
DA:57,1
DA:59,0
DA:60,0
DA:64,1
DA:65,0
DA:66,0
DA:68,0
DA:69,0
DA:72,0
DA:74,0
DA:75,0
DA:77,0
DA:78,0
DA:80,0
DA:83,0
DA:84,0
DA:88,1
DA:89,0
DA:90,0
DA:91,0
DA:92,0
DA:93,0
DA:94,0
DA:96,0
DA:99,0
DA:100,0
LF:51
LH:19
BRDA:20,0,0,0
BRDA:20,0,1,0
BRDA:35,1,0,4
BRDA:35,1,1,4
BRDA:35,2,0,8
BRDA:35,2,1,5
BRDA:39,3,0,2
BRDA:39,3,1,2
BRDA:39,4,0,4
BRDA:39,4,1,4
BRDA:39,4,2,3
BRDA:52,5,0,1
BRDA:52,5,1,1
BRDA:68,6,0,0
BRDA:68,6,1,0
BRDA:68,7,0,0
BRDA:68,7,1,0
BRDA:68,7,2,0
BRDA:77,8,0,0
BRDA:77,8,1,0
BRDA:93,9,0,0
BRDA:93,9,1,0
BRF:22
BRH:11
end_of_record
